 -------------- Info (2021-11-30 20:53:32.7000) --------------
 
 Call Site: NUnitAllureProject.Tests.SearchingTests.CheckResultInfotableWasOpeneForSearchingItem
 Additional Info: Test case CheckResultInfotableWasOpeneForSearchingItem

 -------------- Info (2021-11-30 20:53:32.7000) --------------
 
 Call Site: LittleFramework.Objects.Base.BasePage.AssertIsVisible
 Additional Info: Assert is visible

 -------------- Info (2021-11-30 20:53:32.7348) --------------
 
 Call Site: LittleFramework.Objects.Base.BasePage.AssertIsVisible
 Additional Info: Assert is visible

 -------------- Info (2021-11-30 20:53:32.8660) --------------
 
 Call Site: LittleFramework.Objects.Pages.SearchingPagePart.TypeTextInSearchingTextBox
 Additional Info: Type text in searching textbox

 -------------- Info (2021-11-30 20:53:33.1612) --------------
 
 Call Site: LittleFramework.Objects.Pages.SearchingPagePart.ClickSearchButton
 Additional Info: Click search button

 -------------- Info (2021-11-30 20:53:33.1612) --------------
 
 Call Site: LittleFramework.Objects.Base.BasePage.FindElement
 Additional Info: Find element with locator: By.XPath: //*[contains(@class,'button') and contains(@class,'search') and @type='submit']

 -------------- Info (2021-11-30 20:53:33.2753) --------------
 
 Call Site: LittleFramework.Objects.Base.BasePage.AssertIsVisible
 Additional Info: Assert is visible

 -------------- Info (2021-11-30 20:53:34.1917) --------------
 
 Call Site: LittleFramework.Objects.Pages.SearchingResultsPage.IsTableWithTitlePresent
 Additional Info: Check is table with title 'Убер' exist

 -------------- Info (2021-11-30 20:53:34.1917) --------------
 
 Call Site: LittleFramework.Objects.Base.BasePage.FindElements
 Additional Info: Find elements with locator: By.XPath: //div[contains(@class,'entity-search__header')]//div[contains(@class,'entity-search__header')]//div[contains(text(),'Убер')]

 -------------- Error (2021-11-30 20:54:34.2839) --------------
 
 Call Site: LittleFramework.Objects.Base.BasePage.FindElements
 Additional Info: Error while elements searching:
OpenQA.Selenium.WebDriverTimeoutException: Timed out after 60 seconds
 ---> OpenQA.Selenium.NoSuchElementException: no such element: Unable to locate element: {"method":"xpath","selector":"//div[contains(@class,'entity-search__header')]//div[contains(@class,'entity-search__header')]//div[contains(text(),'Убер')]"}
  (Session info: chrome=96.0.4664.45)
   at OpenQA.Selenium.Remote.RemoteWebDriver.UnpackAndThrowOnError(Response errorResponse)
   at OpenQA.Selenium.Remote.RemoteWebDriver.Execute(String driverCommandToExecute, Dictionary`2 parameters)
   at OpenQA.Selenium.Remote.RemoteWebDriver.FindElement(String mechanism, String value)
   at OpenQA.Selenium.Support.UI.ExpectedConditions.<>c__DisplayClass7_0.<ElementIsVisible>b__0(IWebDriver driver)
   at OpenQA.Selenium.Support.UI.DefaultWait`1.Until[TResult](Func`2 condition)
   --- End of inner exception stack trace ---
   at OpenQA.Selenium.Support.UI.DefaultWait`1.ThrowTimeoutException(String exceptionMessage, Exception lastException)
   at OpenQA.Selenium.Support.UI.DefaultWait`1.Until[TResult](Func`2 condition)
   at LittleFramework.Objects.Base.BasePage.FindElements(By locator, TimeSpan timeout) in P:\VisualStudio\CSharpAllureNunit\NUnitAllureProject\Objects\Base\BasePage.cs:line 68

